Time resolution is 1 ps
REG[          0] :          0
REG[          1] : 2862743552
REG[          2] :      43683
REG[          3] :         28
REG[          4] : 2863267840
REG[          5] :          0
REG[          6] :          0
REG[          7] :          0
REG[          8] :          0
REG[          9] :          0
REG[         10] :          0
REG[         11] :          0
REG[         12] :          0
REG[         13] :          0
REG[         14] :          0
REG[         15] :          0
REG[         16] :          0
REG[         17] :          0
REG[         18] :          0
REG[         19] :          0
REG[         20] :          0
REG[         21] :          0
REG[         22] :          0
REG[         23] :          0
REG[         24] :          0
REG[         25] :          0
REG[         26] :          0
REG[         27] :          0
REG[         28] :          0
REG[         29] :          0
REG[         30] :          0
REG[         31] :          0
